<?xml version="1.0" encoding="UTF-8"?>
<testsuite name="test.pivotal.pal.trackerapi.WelcomeApiTest" tests="1" skipped="0" failures="0" errors="0" timestamp="2019-11-20T05:45:26" hostname="pal1-OptiPlex-7050" time="0.011">
  <properties/>
  <testcase name="exampleTest" classname="test.pivotal.pal.trackerapi.WelcomeApiTest" time="0.011"/>
  <system-out><![CDATA[2019-11-20 11:15:26.725  INFO 2915 --- [    Test worker] .b.t.c.SpringBootTestContextBootstrapper : Neither @ContextConfiguration nor @ContextHierarchy found for test class [test.pivotal.pal.trackerapi.WelcomeApiTest], using SpringBootContextLoader
2019-11-20 11:15:26.727  INFO 2915 --- [    Test worker] o.s.t.c.support.AbstractContextLoader    : Could not detect default resource locations for test class [test.pivotal.pal.trackerapi.WelcomeApiTest]: no resource found for suffixes {-context.xml, Context.groovy}.
2019-11-20 11:15:26.732  INFO 2915 --- [    Test worker] .b.t.c.SpringBootTestContextBootstrapper : Loaded default TestExecutionListener class names from location [META-INF/spring.factories]: [org.springframework.boot.test.autoconfigure.restdocs.RestDocsTestExecutionListener, org.springframework.boot.test.autoconfigure.web.client.MockRestServiceServerResetTestExecutionListener, org.springframework.boot.test.autoconfigure.web.servlet.MockMvcPrintOnlyOnFailureTestExecutionListener, org.springframework.boot.test.autoconfigure.web.servlet.WebDriverTestExecutionListener, org.springframework.boot.test.mock.mockito.MockitoTestExecutionListener, org.springframework.boot.test.mock.mockito.ResetMocksTestExecutionListener, org.springframework.test.context.web.ServletTestExecutionListener, org.springframework.test.context.support.DirtiesContextBeforeModesTestExecutionListener, org.springframework.test.context.support.DependencyInjectionTestExecutionListener, org.springframework.test.context.support.DirtiesContextTestExecutionListener, org.springframework.test.context.transaction.TransactionalTestExecutionListener, org.springframework.test.context.jdbc.SqlScriptsTestExecutionListener]
2019-11-20 11:15:26.733  INFO 2915 --- [    Test worker] .b.t.c.SpringBootTestContextBootstrapper : Using TestExecutionListeners: [org.springframework.test.context.web.ServletTestExecutionListener@acc6b0, org.springframework.test.context.support.DirtiesContextBeforeModesTestExecutionListener@690122b, org.springframework.boot.test.mock.mockito.MockitoTestExecutionListener@44253f56, org.springframework.boot.test.autoconfigure.SpringBootDependencyInjectionTestExecutionListener@4613253a, org.springframework.test.context.support.DirtiesContextTestExecutionListener@20ece20e, org.springframework.test.context.transaction.TransactionalTestExecutionListener@26ebbd72, org.springframework.test.context.jdbc.SqlScriptsTestExecutionListener@4bd9f976, org.springframework.boot.test.autoconfigure.restdocs.RestDocsTestExecutionListener@14bc3fc2, org.springframework.boot.test.autoconfigure.web.client.MockRestServiceServerResetTestExecutionListener@538753c9, org.springframework.boot.test.autoconfigure.web.servlet.MockMvcPrintOnlyOnFailureTestExecutionListener@287c64e6, org.springframework.boot.test.autoconfigure.web.servlet.WebDriverTestExecutionListener@2cea3ad6, org.springframework.boot.test.mock.mockito.ResetMocksTestExecutionListener@595d42a6]
]]></system-out>
  <system-err><![CDATA[]]></system-err>
</testsuite>
