<?xml version="1.0" encoding="UTF-8"?>
<testsuite name="test.pivotal.pal.trackerapi.HealthApiTest" tests="1" skipped="0" failures="0" errors="0" timestamp="2019-11-20T09:08:56" hostname="pal1-OptiPlex-7050" time="0.032">
  <properties/>
  <testcase name="healthTest" classname="test.pivotal.pal.trackerapi.HealthApiTest" time="0.032"/>
  <system-out><![CDATA[2019-11-20 14:38:56.929  INFO 10898 --- [    Test worker] .b.t.c.SpringBootTestContextBootstrapper : Neither @ContextConfiguration nor @ContextHierarchy found for test class [test.pivotal.pal.trackerapi.HealthApiTest], using SpringBootContextLoader
2019-11-20 14:38:56.929  INFO 10898 --- [    Test worker] o.s.t.c.support.AbstractContextLoader    : Could not detect default resource locations for test class [test.pivotal.pal.trackerapi.HealthApiTest]: no resource found for suffixes {-context.xml, Context.groovy}.
2019-11-20 14:38:56.931  INFO 10898 --- [    Test worker] .b.t.c.SpringBootTestContextBootstrapper : Loaded default TestExecutionListener class names from location [META-INF/spring.factories]: [org.springframework.boot.test.autoconfigure.restdocs.RestDocsTestExecutionListener, org.springframework.boot.test.autoconfigure.web.client.MockRestServiceServerResetTestExecutionListener, org.springframework.boot.test.autoconfigure.web.servlet.MockMvcPrintOnlyOnFailureTestExecutionListener, org.springframework.boot.test.autoconfigure.web.servlet.WebDriverTestExecutionListener, org.springframework.boot.test.mock.mockito.MockitoTestExecutionListener, org.springframework.boot.test.mock.mockito.ResetMocksTestExecutionListener, org.springframework.test.context.web.ServletTestExecutionListener, org.springframework.test.context.support.DirtiesContextBeforeModesTestExecutionListener, org.springframework.test.context.support.DependencyInjectionTestExecutionListener, org.springframework.test.context.support.DirtiesContextTestExecutionListener, org.springframework.test.context.transaction.TransactionalTestExecutionListener, org.springframework.test.context.jdbc.SqlScriptsTestExecutionListener]
2019-11-20 14:38:56.932  INFO 10898 --- [    Test worker] .b.t.c.SpringBootTestContextBootstrapper : Using TestExecutionListeners: [org.springframework.test.context.web.ServletTestExecutionListener@75171041, org.springframework.test.context.support.DirtiesContextBeforeModesTestExecutionListener@3f2a9082, org.springframework.boot.test.mock.mockito.MockitoTestExecutionListener@f244d81, org.springframework.boot.test.autoconfigure.SpringBootDependencyInjectionTestExecutionListener@441bb2fd, org.springframework.test.context.support.DirtiesContextTestExecutionListener@9433727, org.springframework.test.context.transaction.TransactionalTestExecutionListener@6286080d, org.springframework.test.context.jdbc.SqlScriptsTestExecutionListener@4fe31999, org.springframework.boot.test.autoconfigure.restdocs.RestDocsTestExecutionListener@56f6d6c2, org.springframework.boot.test.autoconfigure.web.client.MockRestServiceServerResetTestExecutionListener@469c2934, org.springframework.boot.test.autoconfigure.web.servlet.MockMvcPrintOnlyOnFailureTestExecutionListener@1488978a, org.springframework.boot.test.autoconfigure.web.servlet.WebDriverTestExecutionListener@43706b53, org.springframework.boot.test.mock.mockito.ResetMocksTestExecutionListener@23d0f539]
]]></system-out>
  <system-err><![CDATA[]]></system-err>
</testsuite>
