<?xml version="1.0" encoding="UTF-8"?>
<testsuite name="test.pivotal.pal.tracker.WelcomeControllerTest" tests="1" skipped="0" failures="0" errors="0" timestamp="2019-11-20T09:08:58" hostname="pal1-OptiPlex-7050" time="0.0">
  <properties/>
  <testcase name="itSaysHello" classname="test.pivotal.pal.tracker.WelcomeControllerTest" time="0.0"/>
  <system-out><![CDATA[]]></system-out>
  <system-err><![CDATA[]]></system-err>
</testsuite>
