<?xml version="1.0" encoding="UTF-8"?>
<testsuite name="test.pivotal.pal.trackerapi.WelcomeApiTest" tests="1" skipped="0" failures="0" errors="0" timestamp="2019-11-20T09:08:56" hostname="pal1-OptiPlex-7050" time="0.019">
  <properties/>
  <testcase name="exampleTest" classname="test.pivotal.pal.trackerapi.WelcomeApiTest" time="0.019"/>
  <system-out><![CDATA[2019-11-20 14:38:56.896  INFO 10898 --- [    Test worker] .b.t.c.SpringBootTestContextBootstrapper : Neither @ContextConfiguration nor @ContextHierarchy found for test class [test.pivotal.pal.trackerapi.WelcomeApiTest], using SpringBootContextLoader
2019-11-20 14:38:56.898  INFO 10898 --- [    Test worker] o.s.t.c.support.AbstractContextLoader    : Could not detect default resource locations for test class [test.pivotal.pal.trackerapi.WelcomeApiTest]: no resource found for suffixes {-context.xml, Context.groovy}.
2019-11-20 14:38:56.902  INFO 10898 --- [    Test worker] .b.t.c.SpringBootTestContextBootstrapper : Loaded default TestExecutionListener class names from location [META-INF/spring.factories]: [org.springframework.boot.test.autoconfigure.restdocs.RestDocsTestExecutionListener, org.springframework.boot.test.autoconfigure.web.client.MockRestServiceServerResetTestExecutionListener, org.springframework.boot.test.autoconfigure.web.servlet.MockMvcPrintOnlyOnFailureTestExecutionListener, org.springframework.boot.test.autoconfigure.web.servlet.WebDriverTestExecutionListener, org.springframework.boot.test.mock.mockito.MockitoTestExecutionListener, org.springframework.boot.test.mock.mockito.ResetMocksTestExecutionListener, org.springframework.test.context.web.ServletTestExecutionListener, org.springframework.test.context.support.DirtiesContextBeforeModesTestExecutionListener, org.springframework.test.context.support.DependencyInjectionTestExecutionListener, org.springframework.test.context.support.DirtiesContextTestExecutionListener, org.springframework.test.context.transaction.TransactionalTestExecutionListener, org.springframework.test.context.jdbc.SqlScriptsTestExecutionListener]
2019-11-20 14:38:56.903  INFO 10898 --- [    Test worker] .b.t.c.SpringBootTestContextBootstrapper : Using TestExecutionListeners: [org.springframework.test.context.web.ServletTestExecutionListener@1862b715, org.springframework.test.context.support.DirtiesContextBeforeModesTestExecutionListener@562f6e28, org.springframework.boot.test.mock.mockito.MockitoTestExecutionListener@75c86425, org.springframework.boot.test.autoconfigure.SpringBootDependencyInjectionTestExecutionListener@17c90071, org.springframework.test.context.support.DirtiesContextTestExecutionListener@1a1ed782, org.springframework.test.context.transaction.TransactionalTestExecutionListener@37edb4c7, org.springframework.test.context.jdbc.SqlScriptsTestExecutionListener@1321753, org.springframework.boot.test.autoconfigure.restdocs.RestDocsTestExecutionListener@5e27558c, org.springframework.boot.test.autoconfigure.web.client.MockRestServiceServerResetTestExecutionListener@32e92b0d, org.springframework.boot.test.autoconfigure.web.servlet.MockMvcPrintOnlyOnFailureTestExecutionListener@68f8fa1b, org.springframework.boot.test.autoconfigure.web.servlet.WebDriverTestExecutionListener@79e1e0d8, org.springframework.boot.test.mock.mockito.ResetMocksTestExecutionListener@1d8e515d]
]]></system-out>
  <system-err><![CDATA[]]></system-err>
</testsuite>
