<?xml version="1.0" encoding="UTF-8"?>
<testsuite name="test.pivotal.pal.trackerapi.WelcomeApiTest" tests="1" skipped="0" failures="0" errors="0" timestamp="2019-11-19T11:00:31" hostname="pal1-OptiPlex-7050" time="0.006">
  <properties/>
  <testcase name="exampleTest" classname="test.pivotal.pal.trackerapi.WelcomeApiTest" time="0.006"/>
  <system-out><![CDATA[2019-11-19 16:30:31.382  INFO 9442 --- [    Test worker] .b.t.c.SpringBootTestContextBootstrapper : Neither @ContextConfiguration nor @ContextHierarchy found for test class [test.pivotal.pal.trackerapi.WelcomeApiTest], using SpringBootContextLoader
2019-11-19 16:30:31.382  INFO 9442 --- [    Test worker] o.s.t.c.support.AbstractContextLoader    : Could not detect default resource locations for test class [test.pivotal.pal.trackerapi.WelcomeApiTest]: no resource found for suffixes {-context.xml, Context.groovy}.
2019-11-19 16:30:31.384  INFO 9442 --- [    Test worker] .b.t.c.SpringBootTestContextBootstrapper : Loaded default TestExecutionListener class names from location [META-INF/spring.factories]: [org.springframework.boot.test.autoconfigure.restdocs.RestDocsTestExecutionListener, org.springframework.boot.test.autoconfigure.web.client.MockRestServiceServerResetTestExecutionListener, org.springframework.boot.test.autoconfigure.web.servlet.MockMvcPrintOnlyOnFailureTestExecutionListener, org.springframework.boot.test.autoconfigure.web.servlet.WebDriverTestExecutionListener, org.springframework.boot.test.mock.mockito.MockitoTestExecutionListener, org.springframework.boot.test.mock.mockito.ResetMocksTestExecutionListener, org.springframework.test.context.web.ServletTestExecutionListener, org.springframework.test.context.support.DirtiesContextBeforeModesTestExecutionListener, org.springframework.test.context.support.DependencyInjectionTestExecutionListener, org.springframework.test.context.support.DirtiesContextTestExecutionListener, org.springframework.test.context.transaction.TransactionalTestExecutionListener, org.springframework.test.context.jdbc.SqlScriptsTestExecutionListener]
2019-11-19 16:30:31.385  INFO 9442 --- [    Test worker] .b.t.c.SpringBootTestContextBootstrapper : Using TestExecutionListeners: [org.springframework.test.context.web.ServletTestExecutionListener@670a0f42, org.springframework.test.context.support.DirtiesContextBeforeModesTestExecutionListener@a5f2ff0, org.springframework.boot.test.mock.mockito.MockitoTestExecutionListener@6ba9847b, org.springframework.boot.test.autoconfigure.SpringBootDependencyInjectionTestExecutionListener@51b186b5, org.springframework.test.context.support.DirtiesContextTestExecutionListener@66f6f3de, org.springframework.boot.test.autoconfigure.restdocs.RestDocsTestExecutionListener@1525605f, org.springframework.boot.test.autoconfigure.web.client.MockRestServiceServerResetTestExecutionListener@3288b4dc, org.springframework.boot.test.autoconfigure.web.servlet.MockMvcPrintOnlyOnFailureTestExecutionListener@6f511816, org.springframework.boot.test.autoconfigure.web.servlet.WebDriverTestExecutionListener@3e687e21, org.springframework.boot.test.mock.mockito.ResetMocksTestExecutionListener@71c62b]
]]></system-out>
  <system-err><![CDATA[]]></system-err>
</testsuite>
