<?xml version="1.0" encoding="UTF-8"?>
<testsuite name="test.pivotal.pal.tracker.InMemoryTimeEntryRepositoryTest" tests="8" skipped="0" failures="0" errors="0" timestamp="2019-11-20T05:45:27" hostname="pal1-OptiPlex-7050" time="0.022">
  <properties/>
  <testcase name="create" classname="test.pivotal.pal.tracker.InMemoryTimeEntryRepositoryTest" time="0.001"/>
  <testcase name="delete" classname="test.pivotal.pal.tracker.InMemoryTimeEntryRepositoryTest" time="0.016"/>
  <testcase name="find_MissingEntry" classname="test.pivotal.pal.tracker.InMemoryTimeEntryRepositoryTest" time="0.0"/>
  <testcase name="update" classname="test.pivotal.pal.tracker.InMemoryTimeEntryRepositoryTest" time="0.001"/>
  <testcase name="deleteKeepsTrackOfLatestIdProperly" classname="test.pivotal.pal.tracker.InMemoryTimeEntryRepositoryTest" time="0.0"/>
  <testcase name="find" classname="test.pivotal.pal.tracker.InMemoryTimeEntryRepositoryTest" time="0.0"/>
  <testcase name="list" classname="test.pivotal.pal.tracker.InMemoryTimeEntryRepositoryTest" time="0.002"/>
  <testcase name="update_MissingEntry" classname="test.pivotal.pal.tracker.InMemoryTimeEntryRepositoryTest" time="0.001"/>
  <system-out><![CDATA[]]></system-out>
  <system-err><![CDATA[]]></system-err>
</testsuite>
